<?xml version="1.0" encoding="UTF-8"?>
<testsuite name="AlienClientTest" tests="3" skipped="0" failures="0" errors="0" timestamp="2021-03-26T17:00:38" hostname="MSI" time="0.059">
  <properties/>
  <testcase name="ferengiStartClosed()" classname="AlienClientTest" time="0.046"/>
  <testcase name="ferengiAlreadyOpened()" classname="AlienClientTest" time="0.002"/>
  <testcase name="romulan()" classname="AlienClientTest" time="0.007"/>
  <system-out><![CDATA[]]></system-out>
  <system-err><![CDATA[]]></system-err>
</testsuite>
