<?xml version="1.0" encoding="UTF-8"?>
<testsuite name="HumanClientTest" tests="2" skipped="0" failures="0" errors="0" timestamp="2021-03-26T15:55:19" hostname="MSI" time="0.753">
  <properties/>
  <testcase name="removeObserver()" classname="HumanClientTest" time="0.739"/>
  <testcase name="addObserver()" classname="HumanClientTest" time="0.013"/>
  <system-out><![CDATA[]]></system-out>
  <system-err><![CDATA[]]></system-err>
</testsuite>
