<?xml version="1.0" encoding="UTF-8"?>
<testsuite name="StringTransformerGroupTest" tests="2" skipped="0" failures="0" errors="0" timestamp="2021-03-26T15:29:26" hostname="MSI" time="0.013">
  <properties/>
  <testcase name="transformerGroup()" classname="StringTransformerGroupTest" time="0.007"/>
  <testcase name="transformerComposite()" classname="StringTransformerGroupTest" time="0.004"/>
  <system-out><![CDATA[]]></system-out>
  <system-err><![CDATA[]]></system-err>
</testsuite>
