<?xml version="1.0" encoding="UTF-8"?>
<testsuite name="StringBarTest" tests="5" skipped="0" failures="0" errors="0" timestamp="2021-03-26T16:45:42" hostname="MSI" time="0.041">
  <properties/>
  <testcase name="happyHour()" classname="StringBarTest" time="0.025"/>
  <testcase name="impatientStrategy()" classname="StringBarTest" time="0.006"/>
  <testcase name="smartStrategyStartClosed()" classname="StringBarTest" time="0.002"/>
  <testcase name="smartStrategyStartOpened()" classname="StringBarTest" time="0.002"/>
  <testcase name="orderStringRecipe()" classname="StringBarTest" time="0.001"/>
  <system-out><![CDATA[]]></system-out>
  <system-err><![CDATA[]]></system-err>
</testsuite>
